22:12:04: Creating resource group General
22:12:04: Creating resource group Internal
22:12:04: Creating resource group Autodetect
22:12:04: SceneManagerFactory for type 'DefaultSceneManager' registered.
22:12:04: Registering ResourceManager for type Material
22:12:04: Registering ResourceManager for type Mesh
22:12:04: Registering ResourceManager for type Skeleton
22:12:04: MovableObjectFactory for type 'ParticleSystem' registered.
22:12:04: ArchiveFactory for archive type FileSystem registered.
22:12:04: ArchiveFactory for archive type Zip registered.
22:12:04: ArchiveFactory for archive type EmbeddedZip registered.
22:12:04: DDS codec registering
22:12:04: FreeImage version: 3.17.0
22:12:04: This program uses FreeImage, a free, open source image library supporting all common bitmap formats. See http://freeimage.sourceforge.net for details
22:12:04: Supported formats: bmp,ico,jpg,jif,jpeg,jpe,jng,koa,iff,lbm,mng,pbm,pbm,pcd,pcx,pgm,pgm,png,ppm,ppm,ras,tga,targa,tif,tiff,wap,wbmp,wbm,psd,cut,xbm,xpm,gif,hdr,sgi,rgb,rgba,bw,exr,j2k,j2c,jp2,pfm,pct,pict,pic,3fr,arw,bay,bmq,cap,cine,cr2,crw,cs1,dc2,dcr,drf,dsc,dng,erf,fff,ia,iiq,k25,kc2,kdc,mdc,mef,mos,mrw,nef,nrw,orf,pef,ptx,pxn,qtk,raf,raw,rdc,rw2,rwl,rwz,sr2,srf,srw,sti,x3f,webp,jxr,wdp,hdp
22:12:04: PVRTC codec registering
22:12:04: ETC codec registering
22:12:04: Registering ResourceManager for type HighLevelGpuProgram
22:12:04: Registering ResourceManager for type Compositor
22:12:04: MovableObjectFactory for type 'Entity' registered.
22:12:04: MovableObjectFactory for type 'Light' registered.
22:12:04: MovableObjectFactory for type 'BillboardSet' registered.
22:12:04: MovableObjectFactory for type 'ManualObject' registered.
22:12:04: MovableObjectFactory for type 'BillboardChain' registered.
22:12:04: MovableObjectFactory for type 'RibbonTrail' registered.
22:12:04: OGRE EXCEPTION(6:FileNotFoundException): 'plugins.cfg' file not found! in ConfigFile::load at /build/ogre-1.9-mqY1wq/ogre-1.9-1.9.0+dfsg1/OgreMain/src/OgreConfigFile.cpp (line 82)
22:12:04: plugins.cfg not found, automatic plugin loading disabled.
22:12:04: *-*-* OGRE Initialising
22:12:04: *-*-* Version 1.9.0 (Ghadamon)
22:12:04: OverlayElementFactory for type Panel registered.
22:12:04: OverlayElementFactory for type BorderPanel registered.
22:12:04: OverlayElementFactory for type TextArea registered.
22:12:04: Registering ResourceManager for type Font
22:12:04: Loading library /usr/lib/x86_64-linux-gnu/OGRE-1.9.0/RenderSystem_GL.so
22:12:04: Installing plugin: GL RenderSystem
22:12:04: OpenGL Rendering Subsystem created.
22:12:04: Plugin successfully installed
22:12:04: Loading library /usr/lib/x86_64-linux-gnu/OGRE-1.9.0/Plugin_ParticleFX.so
22:12:04: Installing plugin: ParticleFX
22:12:04: Particle Emitter Type 'Point' registered
22:12:04: Particle Emitter Type 'Box' registered
22:12:04: Particle Emitter Type 'Ellipsoid' registered
22:12:04: Particle Emitter Type 'Cylinder' registered
22:12:04: Particle Emitter Type 'Ring' registered
22:12:04: Particle Emitter Type 'HollowEllipsoid' registered
22:12:04: Particle Affector Type 'LinearForce' registered
22:12:04: Particle Affector Type 'ColourFader' registered
22:12:04: Particle Affector Type 'ColourFader2' registered
22:12:04: Particle Affector Type 'ColourImage' registered
22:12:04: Particle Affector Type 'ColourInterpolator' registered
22:12:04: Particle Affector Type 'Scaler' registered
22:12:04: Particle Affector Type 'Rotator' registered
22:12:04: Particle Affector Type 'DirectionRandomiser' registered
22:12:04: Particle Affector Type 'DeflectorPlane' registered
22:12:04: Plugin successfully installed
22:12:04: Loading library /usr/lib/x86_64-linux-gnu/OGRE-1.9.0/Plugin_BSPSceneManager.so
22:12:04: Installing plugin: BSP Scene Manager
22:12:04: Plugin successfully installed
22:12:04: Loading library /usr/lib/x86_64-linux-gnu/OGRE-1.9.0/Plugin_OctreeSceneManager.so
22:12:04: Installing plugin: Octree Scene Manager
22:12:04: Plugin successfully installed
22:12:04: CPU Identifier & Features
22:12:04: -------------------------
22:12:04:  *   CPU ID: GenuineIntel: Intel(R) Core(TM) i7-7700HQ CPU @ 2.80GHz
22:12:04:  *      SSE: yes
22:12:04:  *     SSE2: yes
22:12:04:  *     SSE3: yes
22:12:04:  *      MMX: yes
22:12:04:  *   MMXEXT: yes
22:12:04:  *    3DNOW: no
22:12:04:  * 3DNOWEXT: no
22:12:04:  *     CMOV: yes
22:12:04:  *      TSC: yes
22:12:04:  *      FPU: yes
22:12:04:  *      PRO: yes
22:12:04:  *       HT: no
22:12:04: -------------------------
22:12:04: ******************************
*** Starting GLX Subsystem ***
******************************
22:12:04: Registering ResourceManager for type Texture
22:12:04: Added resource location '/usr/share/gazebo-7/' of type 'FileSystem' to resource group 'General'
22:12:04: Added resource location '/usr/share/gazebo-7/media' of type 'FileSystem' to resource group 'General'
22:12:04: Creating resource group SkyX
22:12:04: Added resource location '/usr/share/gazebo-7/media/skyx' of type 'FileSystem' to resource group 'SkyX'
22:12:04: Added resource location '/usr/share/gazebo-7/media/rtshaderlib' of type 'FileSystem' to resource group 'General'
22:12:04: Added resource location '/usr/share/gazebo-7/media/materials/programs' of type 'FileSystem' to resource group 'General'
22:12:04: Added resource location '/usr/share/gazebo-7/media/materials/scripts' of type 'FileSystem' to resource group 'General'
22:12:04: Added resource location '/usr/share/gazebo-7/media/materials/textures' of type 'FileSystem' to resource group 'General'
22:12:04: Added resource location '/usr/share/gazebo-7/media/media/models' of type 'FileSystem' to resource group 'General'
22:12:04: Creating resource group Fonts
22:12:04: Added resource location '/usr/share/gazebo-7/media/fonts' of type 'FileSystem' to resource group 'Fonts'
22:12:04: Creating resource group LookNFeel
22:12:04: Added resource location '/usr/share/gazebo-7/media/gui/looknfeel' of type 'FileSystem' to resource group 'LookNFeel'
22:12:04: Creating resource group Schemes
22:12:04: Added resource location '/usr/share/gazebo-7/media/gui/schemes' of type 'FileSystem' to resource group 'Schemes'
22:12:04: Creating resource group Imagesets
22:12:04: Added resource location '/usr/share/gazebo-7/media/gui/imagesets' of type 'FileSystem' to resource group 'Imagesets'
22:12:04: Added resource location '/usr/share/gazebo-7/media/gui/fonts' of type 'FileSystem' to resource group 'Fonts'
22:12:04: Creating resource group Layouts
22:12:04: Added resource location '/usr/share/gazebo-7/media/gui/layouts' of type 'FileSystem' to resource group 'Layouts'
22:12:04: Creating resource group Animations
22:12:04: Added resource location '/usr/share/gazebo-7/media/gui/animations' of type 'FileSystem' to resource group 'Animations'
22:12:04: Added resource location '/usr/share/gazebo-7/Media' of type 'FileSystem' to resource group 'General'
22:12:04: Added resource location '/usr/share/gazebo-7/Media/skyx' of type 'FileSystem' to resource group 'SkyX'
22:12:04: Added resource location '/usr/share/gazebo-7/Media/rtshaderlib' of type 'FileSystem' to resource group 'General'
22:12:04: Added resource location '/usr/share/gazebo-7/Media/materials/programs' of type 'FileSystem' to resource group 'General'
22:12:04: Added resource location '/usr/share/gazebo-7/Media/materials/scripts' of type 'FileSystem' to resource group 'General'
22:12:04: Added resource location '/usr/share/gazebo-7/Media/materials/textures' of type 'FileSystem' to resource group 'General'
22:12:04: Added resource location '/usr/share/gazebo-7/Media/media/models' of type 'FileSystem' to resource group 'General'
22:12:04: Added resource location '/usr/share/gazebo-7/Media/fonts' of type 'FileSystem' to resource group 'Fonts'
22:12:04: Added resource location '/usr/share/gazebo-7/Media/gui/looknfeel' of type 'FileSystem' to resource group 'LookNFeel'
22:12:04: Added resource location '/usr/share/gazebo-7/Media/gui/schemes' of type 'FileSystem' to resource group 'Schemes'
22:12:04: Added resource location '/usr/share/gazebo-7/Media/gui/imagesets' of type 'FileSystem' to resource group 'Imagesets'
22:12:04: Added resource location '/usr/share/gazebo-7/Media/gui/fonts' of type 'FileSystem' to resource group 'Fonts'
22:12:04: Added resource location '/usr/share/gazebo-7/Media/gui/layouts' of type 'FileSystem' to resource group 'Layouts'
22:12:04: Added resource location '/usr/share/gazebo-7/Media/gui/animations' of type 'FileSystem' to resource group 'Animations'
22:12:04: GLRenderSystem::_createRenderWindow "OgreWindow(0)", 1x1 windowed  miscParams: FSAA=4 border=none macAPI=carbon parentWindowHandle=77594625 stereoMode=Frame Sequential 
22:12:04: GLXWindow::create used FBConfigID = 165
22:12:04: GL_VERSION = 3.0 Mesa 17.0.7
22:12:04: GL_VENDOR = Intel Open Source Technology Center
22:12:04: GL_RENDERER = Mesa DRI Intel(R) Kabylake GT2 
22:12:04: GL_EXTENSIONS = GL_ARB_multisample GL_EXT_abgr GL_EXT_bgra GL_EXT_blend_color GL_EXT_blend_minmax GL_EXT_blend_subtract GL_EXT_copy_texture GL_EXT_polygon_offset GL_EXT_subtexture GL_EXT_texture_object GL_EXT_vertex_array GL_EXT_compiled_vertex_array GL_EXT_texture GL_EXT_texture3D GL_IBM_rasterpos_clip GL_ARB_point_parameters GL_EXT_draw_range_elements GL_EXT_packed_pixels GL_EXT_point_parameters GL_EXT_rescale_normal GL_EXT_separate_specular_color GL_EXT_texture_edge_clamp GL_SGIS_generate_mipmap GL_SGIS_texture_border_clamp GL_SGIS_texture_edge_clamp GL_SGIS_texture_lod GL_ARB_framebuffer_sRGB GL_ARB_multitexture GL_EXT_framebuffer_sRGB GL_IBM_multimode_draw_arrays GL_IBM_texture_mirrored_repeat GL_3DFX_texture_compression_FXT1 GL_ARB_texture_cube_map GL_ARB_texture_env_add GL_ARB_transpose_matrix GL_EXT_blend_func_separate GL_EXT_fog_coord GL_EXT_multi_draw_arrays GL_EXT_secondary_color GL_EXT_texture_env_add GL_EXT_texture_filter_anisotropic GL_EXT_texture_lod_bias GL_INGR_blend_func_separate GL_NV_blend_square GL_NV_light_max_exponent GL_NV_texgen_reflection GL_NV_texture_env_combine4 GL_S3_s3tc GL_SUN_multi_draw_arrays GL_ARB_texture_border_clamp GL_ARB_texture_compression GL_EXT_framebuffer_object GL_EXT_texture_compression_s3tc GL_EXT_texture_env_combine GL_EXT_texture_env_dot3 GL_MESA_window_pos GL_NV_packed_depth_stencil GL_NV_texture_rectangle GL_ARB_depth_texture GL_ARB_occlusion_query GL_ARB_shadow GL_ARB_texture_env_combine GL_ARB_texture_env_crossbar GL_ARB_texture_env_dot3 GL_ARB_texture_mirrored_repeat GL_ARB_window_pos GL_EXT_stencil_two_side GL_EXT_texture_cube_map GL_NV_depth_clamp GL_APPLE_packed_pixels GL_APPLE_vertex_array_object GL_ARB_draw_buffers GL_ARB_fragment_program GL_ARB_fragment_shader GL_ARB_shader_objects GL_ARB_vertex_program GL_ARB_vertex_shader GL_ATI_draw_buffers GL_ATI_texture_env_combine3 GL_ATI_texture_float GL_EXT_shadow_funcs GL_EXT_stencil_wrap GL_MESA_pack_invert GL_NV_primitive_restart GL_ARB_depth_clamp GL_ARB_fragment_program_shadow GL_ARB_half_float_pixel GL_ARB_occlusion_query2 GL_ARB_point_sprite GL_ARB_shading_language_100 GL_ARB_sync GL_ARB_texture_non_power_of_two GL_ARB_vertex_buffer_object GL_ATI_blend_equation_separate GL_EXT_blend_equation_separate GL_OES_read_format GL_ARB_color_buffer_float GL_ARB_pixel_buffer_object GL_ARB_texture_compression_rgtc GL_ARB_texture_float GL_ARB_texture_rectangle GL_EXT_packed_float GL_EXT_pixel_buffer_object GL_EXT_texture_compression_dxt1 GL_EXT_texture_compression_rgtc GL_EXT_texture_rectangle GL_EXT_texture_sRGB GL_EXT_texture_shared_exponent GL_ARB_framebuffer_object GL_EXT_framebuffer_blit GL_EXT_framebuffer_multisample GL_EXT_packed_depth_stencil GL_APPLE_object_purgeable GL_ARB_vertex_array_object GL_ATI_separate_stencil GL_EXT_draw_buffers2 GL_EXT_draw_instanced GL_EXT_gpu_program_parameters GL_EXT_texture_array GL_EXT_texture_integer GL_EXT_texture_sRGB_decode GL_EXT_timer_query GL_OES_EGL_image GL_ARB_copy_buffer GL_ARB_depth_buffer_float GL_ARB_draw_instanced GL_ARB_half_float_vertex GL_ARB_instanced_arrays GL_ARB_map_buffer_range GL_ARB_texture_rg GL_ARB_texture_swizzle GL_ARB_vertex_array_bgra GL_EXT_texture_swizzle GL_EXT_vertex_array_bgra GL_NV_conditional_render GL_AMD_conservative_depth GL_AMD_draw_buffers_blend GL_AMD_seamless_cubemap_per_texture GL_AMD_shader_stencil_export GL_ARB_ES2_compatibility GL_ARB_blend_func_extended GL_ARB_debug_output GL_ARB_draw_buffers_blend GL_ARB_draw_elements_base_vertex GL_ARB_explicit_attrib_location GL_ARB_fragment_coord_conventions GL_ARB_provoking_vertex GL_ARB_sample_shading GL_ARB_sampler_objects GL_ARB_seamless_cube_map GL_ARB_shader_stencil_export GL_ARB_shader_texture_lod GL_ARB_texture_cube_map_array GL_ARB_texture_gather GL_ARB_texture_multisample GL_ARB_texture_query_lod GL_ARB_texture_rgb10_a2ui GL_ARB_uniform_buffer_object GL_ARB_vertex_type_2_10_10_10_rev GL_EXT_provoking_vertex GL_EXT_texture_snorm GL_MESA_texture_signed_rgba GL_NV_texture_barrier GL_ARB_get_program_binary GL_ARB_robustness GL_ARB_separate_shader_objects GL_ARB_shader_bit_encoding GL_ARB_shader_precision GL_ARB_texture_compression_bptc GL_ARB_timer_query GL_ARB_transform_feedback2 GL_ARB_transform_feedback3 GL_ANGLE_texture_compression_dxt3 GL_ANGLE_texture_compression_dxt5 GL_ARB_compressed_texture_pixel_storage GL_ARB_conservative_depth GL_ARB_internalformat_query GL_ARB_map_buffer_alignment GL_ARB_shader_atomic_counters GL_ARB_shader_image_load_store GL_ARB_shading_language_420pack GL_ARB_shading_language_packing GL_ARB_texture_storage GL_ARB_transform_feedback_instanced GL_EXT_framebuffer_multisample_blit_scaled GL_EXT_transform_feedback GL_AMD_shader_trinary_minmax GL_ARB_ES3_compatibility GL_ARB_arrays_of_arrays GL_ARB_clear_buffer_object GL_ARB_compute_shader GL_ARB_copy_image GL_ARB_explicit_uniform_location GL_ARB_framebuffer_no_attachments GL_ARB_invalidate_subdata GL_ARB_program_interface_query GL_ARB_robust_buffer_access_behavior GL_ARB_shader_image_size GL_ARB_shader_storage_buffer_object GL_ARB_stencil_texturing GL_ARB_texture_query_levels GL_ARB_texture_storage_multisample GL_ARB_texture_view GL_ARB_vertex_attrib_binding GL_KHR_debug GL_KHR_robustness GL_KHR_texture_compression_astc_ldr GL_ARB_buffer_storage GL_ARB_clear_texture GL_ARB_internalformat_query2 GL_ARB_multi_bind GL_ARB_query_buffer_object GL_ARB_seamless_cubemap_per_texture GL_ARB_shader_draw_parameters GL_ARB_texture_mirror_clamp_to_edge GL_ARB_texture_stencil8 GL_ARB_vertex_type_10f_11f_11f_rev GL_EXT_shader_integer_mix GL_ARB_clip_control GL_ARB_conditional_render_inverted GL_ARB_cull_distance GL_ARB_derivative_control GL_ARB_get_texture_sub_image GL_ARB_pipeline_statistics_query GL_ARB_shader_texture_image_samples GL_ARB_texture_barrier GL_EXT_polygon_offset_clamp GL_KHR_blend_equation_advanced GL_KHR_blend_equation_advanced_coherent GL_KHR_context_flush_control GL_KHR_robust_buffer_access_behavior GL_ARB_shader_atomic_counter_ops GL_ARB_shader_clock GL_EXT_shader_samples_identical GL_KHR_texture_compression_astc_sliced_3d GL_MESA_shader_integer_functions 
22:12:04: Supported GLX extensions: GLX_ARB_create_context GLX_ARB_create_context_profile GLX_ARB_create_context_robustness GLX_ARB_fbconfig_float GLX_ARB_framebuffer_sRGB GLX_ARB_get_proc_address GLX_ARB_multisample GLX_EXT_import_context GLX_EXT_visual_info GLX_EXT_visual_rating GLX_EXT_fbconfig_packed_float GLX_EXT_framebuffer_sRGB GLX_EXT_create_context_es2_profile GLX_EXT_create_context_es_profile GLX_MESA_copy_sub_buffer GLX_MESA_multithread_makecurrent GLX_MESA_query_renderer GLX_MESA_swap_control GLX_OML_swap_method GLX_OML_sync_control GLX_SGI_make_current_read GLX_SGI_swap_control GLX_SGI_video_sync GLX_SGIS_multisample GLX_SGIX_fbconfig GLX_SGIX_pbuffer GLX_SGIX_visual_select_group GLX_EXT_texture_from_pixmap GLX_INTEL_swap_event GLX_EXT_buffer_age 
22:12:04: ***************************
22:12:04: *** GL Renderer Started ***
22:12:04: ***************************
22:12:04: Registering ResourceManager for type GpuProgram
22:12:04: GLSL support detected
22:12:04: GL: Using GL_EXT_framebuffer_object for rendering to textures (best)
22:12:04: FBO PF_UNKNOWN depth/stencil support: D0S1 D0S4 D0S8 D0S16 D16S0 D16S1 D16S4 D16S8 D16S16 D24S0 D24S1 D24S4 D24S8 D24S16 D32S0 D32S1 D32S4 D32S8 D32S16 Packed-D24S8 
22:12:04: FBO PF_L8 depth/stencil support: D0S0 D0S1 D0S4 D0S8 D0S16 D16S0 D16S1 D16S4 D16S8 D16S16 D24S0 D24S1 D24S4 D24S8 D24S16 D32S0 D32S1 D32S4 D32S8 D32S16 Packed-D24S8 
22:12:04: FBO PF_L16 depth/stencil support: D0S0 D0S1 D0S4 D0S8 D0S16 D16S0 D16S1 D16S4 D16S8 D16S16 D24S0 D24S1 D24S4 D24S8 D24S16 D32S0 D32S1 D32S4 D32S8 D32S16 Packed-D24S8 
22:12:04: FBO PF_A8 depth/stencil support: D0S0 D0S1 D0S4 D0S8 D0S16 D16S0 D16S1 D16S4 D16S8 D16S16 D24S0 D24S1 D24S4 D24S8 D24S16 D32S0 D32S1 D32S4 D32S8 D32S16 Packed-D24S8 
22:12:04: FBO PF_R5G6B5 depth/stencil support: D0S0 D0S1 D0S4 D0S8 D0S16 D16S0 D16S1 D16S4 D16S8 D16S16 D24S0 D24S1 D24S4 D24S8 D24S16 D32S0 D32S1 D32S4 D32S8 D32S16 Packed-D24S8 
22:12:04: FBO PF_B5G6R5 depth/stencil support: D0S0 D0S1 D0S4 D0S8 D0S16 D16S0 D16S1 D16S4 D16S8 D16S16 D24S0 D24S1 D24S4 D24S8 D24S16 D32S0 D32S1 D32S4 D32S8 D32S16 Packed-D24S8 
22:12:04: FBO PF_A4R4G4B4 depth/stencil support: D0S0 D0S1 D0S4 D0S8 D0S16 D16S0 D16S1 D16S4 D16S8 D16S16 D24S0 D24S1 D24S4 D24S8 D24S16 D32S0 D32S1 D32S4 D32S8 D32S16 Packed-D24S8 
22:12:04: FBO PF_A1R5G5B5 depth/stencil support: D0S0 D0S1 D0S4 D0S8 D0S16 D16S0 D16S1 D16S4 D16S8 D16S16 D24S0 D24S1 D24S4 D24S8 D24S16 D32S0 D32S1 D32S4 D32S8 D32S16 Packed-D24S8 
22:12:04: FBO PF_R8G8B8 depth/stencil support: D0S0 D0S1 D0S4 D0S8 D0S16 D16S0 D16S1 D16S4 D16S8 D16S16 D24S0 D24S1 D24S4 D24S8 D24S16 D32S0 D32S1 D32S4 D32S8 D32S16 Packed-D24S8 
22:12:04: FBO PF_B8G8R8 depth/stencil support: D0S0 D0S1 D0S4 D0S8 D0S16 D16S0 D16S1 D16S4 D16S8 D16S16 D24S0 D24S1 D24S4 D24S8 D24S16 D32S0 D32S1 D32S4 D32S8 D32S16 Packed-D24S8 
22:12:04: FBO PF_A8R8G8B8 depth/stencil support: D0S0 D0S1 D0S4 D0S8 D0S16 D16S0 D16S1 D16S4 D16S8 D16S16 D24S0 D24S1 D24S4 D24S8 D24S16 D32S0 D32S1 D32S4 D32S8 D32S16 Packed-D24S8 
22:12:04: FBO PF_B8G8R8A8 depth/stencil support: D0S0 D0S1 D0S4 D0S8 D0S16 D16S0 D16S1 D16S4 D16S8 D16S16 D24S0 D24S1 D24S4 D24S8 D24S16 D32S0 D32S1 D32S4 D32S8 D32S16 Packed-D24S8 
22:12:04: FBO PF_A2R10G10B10 depth/stencil support: D0S0 D0S1 D0S4 D0S8 D0S16 D16S0 D16S1 D16S4 D16S8 D16S16 D24S0 D24S1 D24S4 D24S8 D24S16 D32S0 D32S1 D32S4 D32S8 D32S16 Packed-D24S8 
22:12:04: FBO PF_A2B10G10R10 depth/stencil support: D0S0 D0S1 D0S4 D0S8 D0S16 D16S0 D16S1 D16S4 D16S8 D16S16 D24S0 D24S1 D24S4 D24S8 D24S16 D32S0 D32S1 D32S4 D32S8 D32S16 Packed-D24S8 
22:12:04: FBO PF_FLOAT16_RGB depth/stencil support: D0S0 D0S1 D0S4 D0S8 D0S16 D16S0 D16S1 D16S4 D16S8 D16S16 D24S0 D24S1 D24S4 D24S8 D24S16 D32S0 D32S1 D32S4 D32S8 D32S16 Packed-D24S8 
22:12:04: FBO PF_FLOAT16_RGBA depth/stencil support: D0S0 D0S1 D0S4 D0S8 D0S16 D16S0 D16S1 D16S4 D16S8 D16S16 D24S0 D24S1 D24S4 D24S8 D24S16 D32S0 D32S1 D32S4 D32S8 D32S16 Packed-D24S8 
22:12:04: FBO PF_FLOAT32_RGBA depth/stencil support: D0S0 D0S1 D0S4 D0S8 D0S16 D16S0 D16S1 D16S4 D16S8 D16S16 D24S0 D24S1 D24S4 D24S8 D24S16 D32S0 D32S1 D32S4 D32S8 D32S16 Packed-D24S8 
22:12:04: FBO PF_X8R8G8B8 depth/stencil support: D0S0 D0S1 D0S4 D0S8 D0S16 D16S0 D16S1 D16S4 D16S8 D16S16 D24S0 D24S1 D24S4 D24S8 D24S16 D32S0 D32S1 D32S4 D32S8 D32S16 Packed-D24S8 
22:12:04: FBO PF_X8B8G8R8 depth/stencil support: D0S0 D0S1 D0S4 D0S8 D0S16 D16S0 D16S1 D16S4 D16S8 D16S16 D24S0 D24S1 D24S4 D24S8 D24S16 D32S0 D32S1 D32S4 D32S8 D32S16 Packed-D24S8 
22:12:04: FBO PF_SHORT_RGBA depth/stencil support: D0S0 D0S1 D0S4 D0S8 D0S16 D16S0 D16S1 D16S4 D16S8 D16S16 D24S0 D24S1 D24S4 D24S8 D24S16 D32S0 D32S1 D32S4 D32S8 D32S16 Packed-D24S8 
22:12:04: FBO PF_R3G3B2 depth/stencil support: D0S0 D0S1 D0S4 D0S8 D0S16 D16S0 D16S1 D16S4 D16S8 D16S16 D24S0 D24S1 D24S4 D24S8 D24S16 D32S0 D32S1 D32S4 D32S8 D32S16 Packed-D24S8 
22:12:04: FBO PF_FLOAT16_R depth/stencil support: D0S0 D0S1 D0S4 D0S8 D0S16 D16S0 D16S1 D16S4 D16S8 D16S16 D24S0 D24S1 D24S4 D24S8 D24S16 D32S0 D32S1 D32S4 D32S8 D32S16 Packed-D24S8 
22:12:04: FBO PF_FLOAT32_R depth/stencil support: D0S0 D0S1 D0S4 D0S8 D0S16 D16S0 D16S1 D16S4 D16S8 D16S16 D24S0 D24S1 D24S4 D24S8 D24S16 D32S0 D32S1 D32S4 D32S8 D32S16 Packed-D24S8 
22:12:04: FBO PF_SHORT_RGB depth/stencil support: D0S0 D0S1 D0S4 D0S8 D0S16 D16S0 D16S1 D16S4 D16S8 D16S16 D24S0 D24S1 D24S4 D24S8 D24S16 D32S0 D32S1 D32S4 D32S8 D32S16 Packed-D24S8 
22:12:04: [GL] : Valid FBO targets PF_UNKNOWN PF_L8 PF_L16 PF_A8 PF_R5G6B5 PF_B5G6R5 PF_A4R4G4B4 PF_A1R5G5B5 PF_R8G8B8 PF_B8G8R8 PF_A8R8G8B8 PF_B8G8R8A8 PF_A2R10G10B10 PF_A2B10G10R10 PF_FLOAT16_RGB PF_FLOAT16_RGBA PF_FLOAT32_RGBA PF_X8R8G8B8 PF_X8B8G8R8 PF_SHORT_RGBA PF_R3G3B2 PF_FLOAT16_R PF_FLOAT32_R PF_SHORT_RGB 
22:12:04: RenderSystem capabilities
22:12:04: -------------------------
22:12:04: RenderSystem Name: OpenGL Rendering Subsystem
22:12:04: GPU Vendor: intel
22:12:04: Device Name: Mesa DRI Intel(R) Kabylake GT2 
22:12:04: Driver Version: 3.0.0.0
22:12:04:  * Fixed function pipeline: yes
22:12:04:  * Hardware generation of mipmaps: no
22:12:04:  * Texture blending: yes
22:12:04:  * Anisotropic texture filtering: yes
22:12:04:  * Dot product texture operation: yes
22:12:04:  * Cube mapping: yes
22:12:04:  * Hardware stencil buffer: yes
22:12:04:    - Stencil depth: 8
22:12:04:    - Two sided stencil support: yes
22:12:04:    - Wrap stencil values: yes
22:12:04:  * Hardware vertex / index buffers: yes
22:12:04:  * Vertex programs: yes
22:12:04:  * Number of floating-point constants for vertex programs: 4096
22:12:04:  * Number of integer constants for vertex programs: 0
22:12:04:  * Number of boolean constants for vertex programs: 0
22:12:04:  * Fragment programs: yes
22:12:04:  * Number of floating-point constants for fragment programs: 4096
22:12:04:  * Number of integer constants for fragment programs: 0
22:12:04:  * Number of boolean constants for fragment programs: 0
22:12:04:  * Geometry programs: no
22:12:04:  * Number of floating-point constants for geometry programs: 0
22:12:04:  * Number of integer constants for geometry programs: 0
22:12:04:  * Number of boolean constants for geometry programs: 0
22:12:04:  * Tesselation Hull programs: no
22:12:04:  * Number of floating-point constants for tesselation hull programs: 0
22:12:04:  * Number of integer constants for tesselation hull programs: 0
22:12:04:  * Number of boolean constants for tesselation hull programs: 0
22:12:04:  * Tesselation Domain programs: no
22:12:04:  * Number of floating-point constants for tesselation domain programs: 0
22:12:04:  * Number of integer constants for tesselation domain programs: 0
22:12:04:  * Number of boolean constants for tesselation domain programs: 0
22:12:04:  * Compute programs: no
22:12:04:  * Number of floating-point constants for compute programs: 0
22:12:04:  * Number of integer constants for compute programs: 0
22:12:04:  * Number of boolean constants for compute programs: 0
22:12:04:  * Supported Shader Profiles: arbfp1 arbvp1 glsl
22:12:04:  * Texture Compression: yes
22:12:04:    - DXT: yes
22:12:04:    - VTC: no
22:12:04:    - PVRTC: no
22:12:04:    - ATC: no
22:12:04:    - ETC1: no
22:12:04:    - ETC2: no
22:12:04:    - BC4/BC5: no
22:12:04:    - BC6H/BC7: no
22:12:04:  * Scissor Rectangle: yes
22:12:04:  * Hardware Occlusion Query: yes
22:12:04:  * User clip planes: yes
22:12:04:  * VET_UBYTE4 vertex element type: yes
22:12:04:  * Infinite far plane projection: yes
22:12:04:  * Hardware render-to-texture: yes
22:12:04:  * Floating point textures: yes
22:12:04:  * Non-power-of-two textures: yes
22:12:04:  * 1d textures: yes
22:12:04:  * Volume textures: yes
22:12:04:  * Multiple Render Targets: 8
22:12:04:    - With different bit depths: yes
22:12:04:  * Point Sprites: yes
22:12:04:  * Extended point parameters: yes
22:12:04:  * Max Point Size: 255
22:12:04:  * Vertex texture fetch: yes
22:12:04:  * Number of world matrices: 0
22:12:04:  * Number of texture units: 16
22:12:04:  * Stencil buffer depth: 8
22:12:04:  * Number of vertex blend matrices: 0
22:12:04:    - Max vertex textures: 32
22:12:04:    - Vertex textures shared: yes
22:12:04:  * Render to Vertex Buffer : no
22:12:04:  * Hardware Atomic Counters: no
22:12:04:  * GL 1.5 without VBO workaround: no
22:12:04:  * Frame Buffer objects: yes
22:12:04:  * Frame Buffer objects (ARB extension): no
22:12:04:  * Frame Buffer objects (ATI extension): no
22:12:04:  * PBuffer support: yes
22:12:04:  * GL 1.5 without HW-occlusion workaround: no
22:12:04:  * Vertex Array Objects: no
22:12:04:  * Separate shader objects: no
22:12:04: Using FSAA from GL_ARB_multisample extension.
22:12:04: DefaultWorkQueue('Root') initialising on thread 7f0af1807280.
22:12:04: DefaultWorkQueue('Root')::WorkerFunc - thread 7f0ab6a57700 starting.
22:12:04: DefaultWorkQueue('Root')::WorkerFunc - thread 7f0ab7258700 starting.
22:12:04: DefaultWorkQueue('Root')::WorkerFunc - thread 7f0ab5a55700 starting.
22:12:04: DefaultWorkQueue('Root')::WorkerFunc - thread 7f0ab5254700 starting.
22:12:04: DefaultWorkQueue('Root')::WorkerFunc - thread 7f0ab6256700 starting.
22:12:04: DefaultWorkQueue('Root')::WorkerFunc - thread 7f0ab4a53700 starting.
22:12:04: DefaultWorkQueue('Root')::WorkerFunc - thread 7f0a97fff700 starting.
22:12:04: DefaultWorkQueue('Root')::WorkerFunc - thread 7f0a9ffff700 starting.
22:12:04: Particle Renderer Type 'billboard' registered
22:12:04: SceneManagerFactory for type 'BspSceneManager' registered.
22:12:04: Registering ResourceManager for type BspLevel
22:12:04: SceneManagerFactory for type 'OctreeSceneManager' registered.
22:12:04: Parsing scripts for resource group Animations
22:12:04: Finished parsing scripts for resource group Animations
22:12:04: Creating resources for group Animations
22:12:04: All done
22:12:04: Parsing scripts for resource group Autodetect
22:12:04: Finished parsing scripts for resource group Autodetect
22:12:04: Creating resources for group Autodetect
22:12:04: All done
22:12:04: Parsing scripts for resource group Fonts
22:12:04: Parsing script Gazebo.fontdef
22:12:04: Finished parsing scripts for resource group Fonts
22:12:04: Creating resources for group Fonts
22:12:04: All done
22:12:04: Parsing scripts for resource group General
22:12:04: Parsing script ShadowCaster.program
22:12:04: Parsing script perpixel.program
22:12:04: Parsing script VPL.program
22:12:04: Parsing script deferred_post.program
22:12:04: Parsing script shadow_caster.program
22:12:04: Parsing script ssao.material
22:12:04: Parsing script VPL.material
22:12:04: Parsing script oculus.material
22:12:04: Parsing script grid.material
22:12:04: Parsing script picker.material
22:12:04: Parsing script deferred_post.material
22:12:04: Parsing script blur.material
22:12:04: Parsing script ShadowCaster.material
22:12:04: Parsing script kitchen.material
22:12:04: Parsing script gazebo.material
22:12:04: Parsing script deferred_post_minilight.material
22:12:04: Parsing script deferred.compositor
22:12:04: Parsing script distortion.compositor
22:12:04: Parsing script blur.compositor
22:12:04: Parsing script ssao.compositor
22:12:04: Parsing script WideCameraLensMap.compositor
22:12:04: Parsing script noise.compositor
22:12:04: Finished parsing scripts for resource group General
22:12:04: Creating resources for group General
22:12:04: All done
22:12:04: Parsing scripts for resource group Imagesets
22:12:04: Finished parsing scripts for resource group Imagesets
22:12:04: Creating resources for group Imagesets
22:12:04: All done
22:12:04: Parsing scripts for resource group Internal
22:12:04: Finished parsing scripts for resource group Internal
22:12:04: Creating resources for group Internal
22:12:04: All done
22:12:04: Parsing scripts for resource group Layouts
22:12:04: Finished parsing scripts for resource group Layouts
22:12:04: Creating resources for group Layouts
22:12:04: All done
22:12:04: Parsing scripts for resource group LookNFeel
22:12:04: Finished parsing scripts for resource group LookNFeel
22:12:04: Creating resources for group LookNFeel
22:12:04: All done
22:12:04: Parsing scripts for resource group Schemes
22:12:04: Finished parsing scripts for resource group Schemes
22:12:04: Creating resources for group Schemes
22:12:04: All done
22:12:04: Parsing scripts for resource group SkyX
22:12:04: Parsing script SkyX.material
22:12:04: Finished parsing scripts for resource group SkyX
22:12:04: Creating resources for group SkyX
22:12:04: All done
22:12:04: Added resource location '/usr/share/gazebo-7/media/rtshaderlib/' of type 'FileSystem' to resource group 'General'
22:12:04: Creating resource group ShaderGeneratorResourceGroup
22:12:04: Added resource location '/tmp/gazebo-cyrill-rtshaderlibcache/' of type 'FileSystem' to resource group 'ShaderGeneratorResourceGroup'
22:12:04: Can't assign material _NULL_ to SubEntity of SkyXMeshEnt because this Material does not exist. Have you forgotten to define it in a .material script?
22:12:04: Texture: SkyX_Starfield.png: Loading 1 faces(PF_L8,512x512x1) with 5 generated mipmaps from Image. Internal format is PF_L8,512x512x1.
22:12:04: Texture: SkyX_Moon.png: Loading 1 faces(PF_A8R8G8B8,512x512x1) with 5 generated mipmaps from Image. Internal format is PF_A8R8G8B8,512x512x1.
22:12:04: Texture: SkyX_MoonHalo.png: Loading 1 faces(PF_A8R8G8B8,512x256x1) with 5 generated mipmaps from Image. Internal format is PF_A8R8G8B8,512x256x1.
22:12:04: Texture: Noise.jpg: Loading 1 faces(PF_R8G8B8,1024x1024x1) with 5 generated mipmaps from Image. Internal format is PF_X8R8G8B8,1024x1024x1.
22:12:04: GLRenderSystem::_createRenderWindow "OgreWindow(1)", 1628x1003 windowed  miscParams: FSAA=4 macAPI=carbon parentWindowHandle=20401216:0:81788962 stereoMode=Frame Sequential 
22:12:04: GLXWindow::create used FBConfigID = 165
22:12:05: Added resource location '/home/cyrill/.gazebo/models/willowgarage/meshes' of type 'FileSystem' to resource group 'General' with recursive option
22:12:05: Initialising resource group General
22:12:05: Texture: /home/cyrill/.gazebo/models/willowgarage/meshes/../materials/textures/__auto_2.png: Loading 1 faces(PF_L8,512x512x1) with 5 generated mipmaps from Image. Internal format is PF_L8,512x512x1.
22:12:05: Texture: /home/cyrill/.gazebo/models/willowgarage/meshes/../materials/textures/Stone_Brushed_Khaki_.png: Loading 1 faces(PF_R8G8B8,256x256x1) with 5 generated mipmaps from Image. Internal format is PF_X8R8G8B8,256x256x1.
22:12:05: Texture: /home/cyrill/.gazebo/models/willowgarage/meshes/../materials/textures/__auto_12.png: Loading 1 faces(PF_L8,512x512x1) with 5 generated mipmaps from Image. Internal format is PF_L8,512x512x1.
22:12:05: Texture: /home/cyrill/.gazebo/models/willowgarage/meshes/../materials/textures/__Wood_Bamboo_Medium_1.png: Loading 1 faces(PF_R8G8B8,256x256x1) with 5 generated mipmaps from Image. Internal format is PF_X8R8G8B8,256x256x1.
22:12:05: Texture: /home/cyrill/.gazebo/models/willowgarage/meshes/../materials/textures/Wood_Bamboo_Medium_.png: Loading 1 faces(PF_R8G8B8,256x256x1) with 5 generated mipmaps from Image. Internal format is PF_X8R8G8B8,256x256x1.
22:12:05: Texture: /home/cyrill/.gazebo/models/willowgarage/meshes/../materials/textures/Wood_Cherry_Original_.png: Loading 1 faces(PF_R8G8B8,256x256x1) with 5 generated mipmaps from Image. Internal format is PF_X8R8G8B8,256x256x1.
22:12:05: Texture: /home/cyrill/.gazebo/models/willowgarage/meshes/../materials/textures/Carpet_Berber_Pattern_Gray_.png: Loading 1 faces(PF_L8,256x256x1) with 5 generated mipmaps from Image. Internal format is PF_L8,256x256x1.
22:12:05: Texture: com.png: Loading 1 faces(PF_R8G8B8,200x100x1) with 5 generated mipmaps from Image. Internal format is PF_X8R8G8B8,200x100x1.
22:12:05: [SkyX] VClouds warning: unregistered camera registered, manual unregistering is needed before camera destruction
22:12:05: Texture: spot_shadow_fade.png: Loading 1 faces(PF_R8G8B8,128x128x1) with 5 generated mipmaps from Image. Internal format is PF_X8R8G8B8,128x128x1.
22:12:05: Using FSAA from GL_ARB_multisample extension.
22:12:54: Unregistering ResourceManager for type Font
22:12:54: DefaultWorkQueue('Root') shutting down on thread 7f0af1807280.
22:12:54: DefaultWorkQueue('Root')::WorkerFunc - thread 7f0ab6a57700 stopped.
22:12:54: DefaultWorkQueue('Root')::WorkerFunc - thread 7f0ab7258700 stopped.
22:12:54: DefaultWorkQueue('Root')::WorkerFunc - thread 7f0ab5a55700 stopped.
22:12:54: DefaultWorkQueue('Root')::WorkerFunc - thread 7f0ab5254700 stopped.
22:12:54: DefaultWorkQueue('Root')::WorkerFunc - thread 7f0ab6256700 stopped.
22:12:54: DefaultWorkQueue('Root')::WorkerFunc - thread 7f0ab4a53700 stopped.
22:12:54: DefaultWorkQueue('Root')::WorkerFunc - thread 7f0a97fff700 stopped.
22:12:54: DefaultWorkQueue('Root')::WorkerFunc - thread 7f0a9ffff700 stopped.
22:12:54: Unregistering ResourceManager for type BspLevel
22:12:54: *-*-* OGRE Shutdown
22:12:54: *-*-* OGRE Shutdown
22:12:54: Unregistering ResourceManager for type Compositor
22:12:54: Unregistering ResourceManager for type Skeleton
22:12:54: Unregistering ResourceManager for type Mesh
22:12:54: Unregistering ResourceManager for type HighLevelGpuProgram
22:12:54: Uninstalling plugin: Octree Scene Manager
22:12:54: Plugin successfully uninstalled
22:12:54: Unloading library /usr/lib/x86_64-linux-gnu/OGRE-1.9.0/Plugin_OctreeSceneManager.so
22:12:54: Uninstalling plugin: BSP Scene Manager
22:12:54: Plugin successfully uninstalled
22:12:54: Unloading library /usr/lib/x86_64-linux-gnu/OGRE-1.9.0/Plugin_BSPSceneManager.so
22:12:54: Uninstalling plugin: ParticleFX
22:12:54: Plugin successfully uninstalled
22:12:54: Unloading library /usr/lib/x86_64-linux-gnu/OGRE-1.9.0/Plugin_ParticleFX.so
22:12:54: Uninstalling plugin: GL RenderSystem
22:12:54: Unregistering ResourceManager for type GpuProgram
22:12:54: ******************************
*** Stopping GLX Subsystem ***
******************************
22:12:54: Unregistering ResourceManager for type Texture
22:12:54: Plugin successfully uninstalled
22:12:54: Unloading library /usr/lib/x86_64-linux-gnu/OGRE-1.9.0/RenderSystem_GL.so
22:12:54: Unregistering ResourceManager for type Material
